<?xml version="1.0" encoding="UTF-8"?>
<!-- Generated by org.testng.reporters.JUnitReportReporter -->
<testsuite skipped="0" hostname="LAPTOP-LCH0946P" name="com.wordpress.post.Admin_01_Create_View_Edit_Delete" tests="3" failures="0" timestamp="22 Aug 2020 17:50:24 GMT" time="92.576" errors="0">
  <testcase name="Post_01_Create_New_Post_At_Admin_Page" time="23.405" classname="com.wordpress.post.Admin_01_Create_View_Edit_Delete"/>
  <testcase name="Post_02_Edit_Post_At_Admin_Page" time="37.072" classname="com.wordpress.post.Admin_01_Create_View_Edit_Delete"/>
  <testcase name="Post_03_Delete_Post_At_Admin_Page" time="32.099" classname="com.wordpress.post.Admin_01_Create_View_Edit_Delete"/>
</testsuite> <!-- com.wordpress.post.Admin_01_Create_View_Edit_Delete -->
