<?xml version="1.0" encoding="UTF-8"?>
<!-- Generated by org.testng.reporters.JUnitReportReporter -->
<testsuite skipped="0" hostname="LAPTOP-LCH0946P" name="com.wordpress.post.Admin_01_Create_View_Edit_Delete" tests="3" failures="0" timestamp="22 Aug 2020 18:13:53 GMT" time="95.702" errors="0">
  <testcase name="Post_02_Edit_Post_At_Admin_Page" time="37.910" classname="com.wordpress.post.Admin_01_Create_View_Edit_Delete"/>
  <testcase name="Post_01_Create_New_Post_At_Admin_Page" time="25.341" classname="com.wordpress.post.Admin_01_Create_View_Edit_Delete"/>
  <testcase name="Post_03_Delete_Post_At_Admin_Page" time="32.451" classname="com.wordpress.post.Admin_01_Create_View_Edit_Delete"/>
</testsuite> <!-- com.wordpress.post.Admin_01_Create_View_Edit_Delete -->
